// 重构日志: 4c0b14fe
// 重构日志: 722a45f1
// 重构日志: 09d2fb6c
// 重构日志: 194294ed
// 同步 ID: d2484615 @ Sat Jul 11 07:11:43 UTC 2026
// 同步 ID: 6acd25ee @ Sun Jul 12 01:42:28 UTC 2026
// 同步 ID: 49056f5f @ Sun Jul 12 08:53:43 UTC 2026
// 同步 ID: 2717292f @ Sun Jul 12 16:45:01 UTC 2026
// 重构日志: 1ef401fe
// 同步 ID: 62080e1c @ Tue Jul 14 00:25:03 UTC 2026
// 重构日志: 73237ff5
// 重构日志: 0ec06836
// 重构日志: 6b13f98b
// 重构日志: e10e6762
// 同步 ID: 4180a275 @ Thu Jul 16 10:41:27 UTC 2026
// 重构日志: ea1d5413
// 重构日志: 6b41d7ce
// 重构日志: 695d384a
// 重构日志: b2b16054
// 重构日志: 015a7ddb
// 重构日志: 570bd5c1
// 重构日志: 0af3d3dc
// 重构日志: 274284fe
// 重构日志: eff7ec0e
// 同步 ID: 4efc142c @ Sun Jul 19 16:17:13 UTC 2026
// 同步 ID: ac51f982 @ Mon Jul 20 00:12:07 UTC 2026
// 重构日志: 91ac7c18
// 重构日志: d41d3207
// 同步 ID: 0c2fc5a2 @ Tue Jul 21 01:49:18 UTC 2026
// 同步 ID: db925565 @ Tue Jul 21 12:21:07 UTC 2026
// 重构日志: 811a4149
